Base path: /Applications/Unity/Unity.app/Contents
Pipe name: \\.\pipe\UnityShaderCompiler-2--1334079488
Cmd: getPlatforms
Cmd: compileSnippet
  api=9 type=0 insize=9954 outsize=3206 kw=DIRECTIONAL SHADOWS_OFF LIGHTMAP_OFF DIRLIGHTMAP_OFF DUMMY ok=1
Cmd: compileSnippet
  api=9 type=0 insize=9954 outsize=1467 kw=DIRECTIONAL SHADOWS_OFF LIGHTMAP_ON DIRLIGHTMAP_ON DUMMY ok=1
Cmd: compileSnippet
  api=5 type=0 insize=9954 outsize=2030 kw=DIRECTIONAL SHADOWS_SCREEN LIGHTMAP_ON DIRLIGHTMAP_OFF DUMMY ok=1
Cmd: compileSnippet
  api=5 type=0 insize=9954 outsize=2264 kw=DIRECTIONAL SHADOWS_SCREEN LIGHTMAP_ON DIRLIGHTMAP_ON DUMMY ok=1
Cmd: compileSnippet
  api=9 type=0 insize=9954 outsize=4332 kw=DIRECTIONAL SHADOWS_OFF LIGHTMAP_OFF DIRLIGHTMAP_OFF VERTEXLIGHT_ON DUMMY ok=1
Cmd: compileSnippet
  api=5 type=0 insize=9954 outsize=3795 kw=DIRECTIONAL SHADOWS_SCREEN SHADOWS_NATIVE LIGHTMAP_OFF DIRLIGHTMAP_OFF DUMMY ok=1
Cmd: compileSnippet
  api=5 type=0 insize=9954 outsize=1933 kw=DIRECTIONAL SHADOWS_SCREEN SHADOWS_NATIVE LIGHTMAP_ON DIRLIGHTMAP_OFF DUMMY ok=1
Cmd: compileSnippet
  api=5 type=0 insize=9954 outsize=2158 kw=DIRECTIONAL SHADOWS_SCREEN SHADOWS_NATIVE LIGHTMAP_ON DIRLIGHTMAP_ON DUMMY ok=1
Cmd: compileSnippet
  api=5 type=0 insize=9954 outsize=4879 kw=DIRECTIONAL SHADOWS_SCREEN SHADOWS_NATIVE LIGHTMAP_OFF DIRLIGHTMAP_OFF VERTEXLIGHT_ON DUMMY ok=1
Cmd: compileSnippet
  api=5 type=0 insize=9954 outsize=3462 kw=DIRECTIONAL SHADOWS_OFF LIGHTMAP_OFF DIRLIGHTMAP_OFF PIXELSNAP_ON ok=1
Cmd: compileSnippet
  api=5 type=0 insize=9954 outsize=1542 kw=DIRECTIONAL SHADOWS_OFF LIGHTMAP_ON DIRLIGHTMAP_OFF PIXELSNAP_ON ok=1
Cmd: compileSnippet
  api=5 type=0 insize=9954 outsize=1716 kw=DIRECTIONAL SHADOWS_OFF LIGHTMAP_ON DIRLIGHTMAP_ON PIXELSNAP_ON ok=1
Cmd: compileSnippet
  api=5 type=0 insize=9954 outsize=4165 kw=DIRECTIONAL SHADOWS_SCREEN LIGHTMAP_OFF DIRLIGHTMAP_OFF PIXELSNAP_ON ok=1
Cmd: compileSnippet
  api=5 type=0 insize=9954 outsize=2522 kw=DIRECTIONAL SHADOWS_SCREEN LIGHTMAP_ON DIRLIGHTMAP_ON PIXELSNAP_ON ok=1
Cmd: compileSnippet
  api=9 type=0 insize=9954 outsize=4597 kw=DIRECTIONAL SHADOWS_OFF LIGHTMAP_OFF DIRLIGHTMAP_OFF VERTEXLIGHT_ON PIXELSNAP_ON ok=1
Cmd: compileSnippet
  api=5 type=0 insize=9954 outsize=4060 kw=DIRECTIONAL SHADOWS_SCREEN SHADOWS_NATIVE LIGHTMAP_OFF DIRLIGHTMAP_OFF PIXELSNAP_ON ok=1
Cmd: compileSnippet
  api=5 type=0 insize=9954 outsize=2191 kw=DIRECTIONAL SHADOWS_SCREEN SHADOWS_NATIVE LIGHTMAP_ON DIRLIGHTMAP_OFF PIXELSNAP_ON ok=1
Cmd: compileSnippet
  api=5 type=0 insize=9954 outsize=2416 kw=DIRECTIONAL SHADOWS_SCREEN SHADOWS_NATIVE LIGHTMAP_ON DIRLIGHTMAP_ON PIXELSNAP_ON ok=1
Cmd: compileSnippet
  api=5 type=0 insize=9954 outsize=5180 kw=DIRECTIONAL SHADOWS_SCREEN SHADOWS_NATIVE LIGHTMAP_OFF DIRLIGHTMAP_OFF VERTEXLIGHT_ON PIXELSNAP_ON ok=1
Cmd: compileSnippet
  api=9 type=1 insize=9954 outsize=7 kw=DIRECTIONAL SHADOWS_OFF LIGHTMAP_OFF DIRLIGHTMAP_OFF DUMMY ok=1
Cmd: compileSnippet
  api=9 type=1 insize=9954 outsize=7 kw=DIRECTIONAL SHADOWS_OFF LIGHTMAP_ON DIRLIGHTMAP_OFF DUMMY ok=1
Cmd: compileSnippet
  api=9 type=1 insize=9954 outsize=7 kw=DIRECTIONAL SHADOWS_OFF LIGHTMAP_ON DIRLIGHTMAP_ON DUMMY ok=1
Cmd: compileSnippet
  api=5 type=1 insize=9954 outsize=6 kw=DIRECTIONAL SHADOWS_SCREEN LIGHTMAP_ON DIRLIGHTMAP_OFF DUMMY ok=1
Cmd: compileSnippet
  api=5 type=1 insize=9954 outsize=6 kw=DIRECTIONAL SHADOWS_SCREEN LIGHTMAP_ON DIRLIGHTMAP_ON DUMMY ok=1
Cmd: compileSnippet
  api=9 type=1 insize=9954 outsize=7 kw=DIRECTIONAL SHADOWS_SCREEN SHADOWS_NATIVE LIGHTMAP_OFF DIRLIGHTMAP_OFF DUMMY ok=1
Cmd: compileSnippet
  api=5 type=1 insize=9954 outsize=6 kw=DIRECTIONAL SHADOWS_SCREEN SHADOWS_NATIVE LIGHTMAP_ON DIRLIGHTMAP_ON DUMMY ok=1
Cmd: compileSnippet
  api=5 type=1 insize=9954 outsize=6 kw=DIRECTIONAL SHADOWS_OFF LIGHTMAP_OFF DIRLIGHTMAP_OFF PIXELSNAP_ON ok=1
Cmd: compileSnippet
  api=5 type=1 insize=9954 outsize=6 kw=DIRECTIONAL SHADOWS_OFF LIGHTMAP_ON DIRLIGHTMAP_OFF PIXELSNAP_ON ok=1
Cmd: compileSnippet
  api=9 type=1 insize=9954 outsize=7 kw=DIRECTIONAL SHADOWS_OFF LIGHTMAP_ON DIRLIGHTMAP_OFF PIXELSNAP_ON ok=1
Cmd: compileSnippet
  api=5 type=1 insize=9954 outsize=6 kw=DIRECTIONAL SHADOWS_SCREEN LIGHTMAP_OFF DIRLIGHTMAP_OFF PIXELSNAP_ON ok=1
Cmd: compileSnippet
  api=5 type=1 insize=9954 outsize=6 kw=DIRECTIONAL SHADOWS_SCREEN LIGHTMAP_ON DIRLIGHTMAP_OFF PIXELSNAP_ON ok=1
Cmd: compileSnippet
  api=9 type=1 insize=9954 outsize=7 kw=DIRECTIONAL SHADOWS_SCREEN SHADOWS_NATIVE LIGHTMAP_OFF DIRLIGHTMAP_OFF PIXELSNAP_ON ok=1
Cmd: compileSnippet
  api=9 type=1 insize=9954 outsize=7 kw=DIRECTIONAL SHADOWS_SCREEN SHADOWS_NATIVE LIGHTMAP_ON DIRLIGHTMAP_OFF PIXELSNAP_ON ok=1
Cmd: compileSnippet
  api=9 type=1 insize=9954 outsize=7 kw=DIRECTIONAL SHADOWS_SCREEN SHADOWS_NATIVE LIGHTMAP_ON DIRLIGHTMAP_ON PIXELSNAP_ON ok=1
Cmd: compileSnippet
  api=9 type=0 insize=5968 outsize=2303 kw=POINT DUMMY ok=1
Cmd: compileSnippet
  api=5 type=0 insize=5968 outsize=1859 kw=DIRECTIONAL DUMMY ok=1
Cmd: compileSnippet
  api=5 type=0 insize=5968 outsize=2535 kw=SPOT DUMMY ok=1
Cmd: compileSnippet
  api=5 type=0 insize=5968 outsize=2400 kw=POINT_COOKIE DUMMY ok=1
Cmd: compileSnippet
  api=5 type=0 insize=5968 outsize=2113 kw=DIRECTIONAL_COOKIE DUMMY ok=1
Cmd: compileSnippet
  api=5 type=0 insize=5968 outsize=2538 kw=POINT PIXELSNAP_ON ok=1
Cmd: compileSnippet
  api=5 type=0 insize=5968 outsize=2123 kw=DIRECTIONAL PIXELSNAP_ON ok=1
Cmd: compileSnippet
  api=5 type=0 insize=5968 outsize=2774 kw=SPOT PIXELSNAP_ON ok=1
Cmd: compileSnippet
  api=5 type=0 insize=5968 outsize=2639 kw=POINT_COOKIE PIXELSNAP_ON ok=1
Cmd: compileSnippet
  api=5 type=0 insize=5968 outsize=2371 kw=DIRECTIONAL_COOKIE PIXELSNAP_ON ok=1
Cmd: compileSnippet
  api=9 type=1 insize=5968 outsize=7 kw=POINT DUMMY ok=1
Cmd: compileSnippet
  api=9 type=1 insize=5968 outsize=7 kw=DIRECTIONAL DUMMY ok=1
Cmd: compileSnippet
  api=9 type=1 insize=5968 outsize=7 kw=SPOT DUMMY ok=1
Cmd: compileSnippet
  api=5 type=1 insize=5968 outsize=6 kw=POINT_COOKIE DUMMY ok=1
Cmd: compileSnippet
  api=9 type=1 insize=5968 outsize=7 kw=DIRECTIONAL_COOKIE DUMMY ok=1
Cmd: compileSnippet
  api=9 type=1 insize=5968 outsize=7 kw=POINT PIXELSNAP_ON ok=1
Cmd: compileSnippet
  api=9 type=1 insize=5968 outsize=7 kw=DIRECTIONAL PIXELSNAP_ON ok=1
Cmd: compileSnippet
  api=9 type=1 insize=5968 outsize=7 kw=SPOT PIXELSNAP_ON ok=1
Cmd: compileSnippet
  api=9 type=1 insize=5968 outsize=7 kw=POINT_COOKIE PIXELSNAP_ON ok=1
Cmd: compileSnippet
  api=9 type=1 insize=5968 outsize=7 kw=DIRECTIONAL_COOKIE PIXELSNAP_ON ok=1
Cmd: compileSnippet
  api=9 type=0 insize=5020 outsize=1021 kw=DUMMY ok=1
Cmd: compileSnippet
  api=9 type=0 insize=5020 outsize=1285 kw=PIXELSNAP_ON ok=1
Cmd: compileSnippet
  api=9 type=1 insize=5020 outsize=7 kw=DUMMY ok=1
Cmd: compileSnippet
  api=9 type=1 insize=5020 outsize=7 kw=PIXELSNAP_ON ok=1
Cmd: compileSnippet
  api=9 type=0 insize=9356 outsize=3651 kw=LIGHTMAP_OFF DIRLIGHTMAP_OFF DUMMY HDR_LIGHT_PREPASS_OFF ok=1
Cmd: compileSnippet
  api=5 type=0 insize=9356 outsize=3246 kw=LIGHTMAP_ON DIRLIGHTMAP_OFF DUMMY HDR_LIGHT_PREPASS_OFF ok=1
Cmd: compileSnippet
  api=9 type=0 insize=9356 outsize=2330 kw=LIGHTMAP_ON DIRLIGHTMAP_ON DUMMY HDR_LIGHT_PREPASS_OFF ok=1
Cmd: compileSnippet
  api=9 type=0 insize=9356 outsize=3642 kw=LIGHTMAP_OFF DIRLIGHTMAP_OFF HDR_LIGHT_PREPASS_ON DUMMY ok=1
Cmd: compileSnippet
  api=9 type=0 insize=9356 outsize=3230 kw=LIGHTMAP_ON DIRLIGHTMAP_OFF HDR_LIGHT_PREPASS_ON DUMMY ok=1
Cmd: compileSnippet
  api=9 type=0 insize=9356 outsize=2313 kw=LIGHTMAP_ON DIRLIGHTMAP_ON HDR_LIGHT_PREPASS_ON DUMMY ok=1
Cmd: compileSnippet
  api=9 type=0 insize=9356 outsize=3924 kw=LIGHTMAP_OFF DIRLIGHTMAP_OFF PIXELSNAP_ON HDR_LIGHT_PREPASS_OFF ok=1
Cmd: compileSnippet
  api=9 type=0 insize=9356 outsize=3491 kw=LIGHTMAP_ON DIRLIGHTMAP_OFF PIXELSNAP_ON HDR_LIGHT_PREPASS_OFF ok=1
Cmd: compileSnippet
  api=9 type=0 insize=9356 outsize=2594 kw=LIGHTMAP_ON DIRLIGHTMAP_ON PIXELSNAP_ON HDR_LIGHT_PREPASS_OFF ok=1
Cmd: compileSnippet
  api=9 type=0 insize=9356 outsize=3915 kw=LIGHTMAP_OFF DIRLIGHTMAP_OFF HDR_LIGHT_PREPASS_ON PIXELSNAP_ON ok=1
Cmd: compileSnippet
  api=9 type=0 insize=9356 outsize=3482 kw=LIGHTMAP_ON DIRLIGHTMAP_OFF HDR_LIGHT_PREPASS_ON PIXELSNAP_ON ok=1
Cmd: compileSnippet
  api=9 type=0 insize=9356 outsize=2577 kw=LIGHTMAP_ON DIRLIGHTMAP_ON HDR_LIGHT_PREPASS_ON PIXELSNAP_ON ok=1
Cmd: compileSnippet
  api=9 type=1 insize=9356 outsize=7 kw=LIGHTMAP_OFF DIRLIGHTMAP_OFF DUMMY HDR_LIGHT_PREPASS_OFF ok=1
Cmd: compileSnippet
  api=5 type=1 insize=9356 outsize=6 kw=LIGHTMAP_ON DIRLIGHTMAP_OFF DUMMY HDR_LIGHT_PREPASS_OFF ok=1
Cmd: compileSnippet
  api=5 type=1 insize=9356 outsize=6 kw=LIGHTMAP_ON DIRLIGHTMAP_ON DUMMY HDR_LIGHT_PREPASS_OFF ok=1
Cmd: compileSnippet
  api=5 type=1 insize=9356 outsize=6 kw=LIGHTMAP_OFF DIRLIGHTMAP_OFF HDR_LIGHT_PREPASS_ON DUMMY ok=1
Cmd: compileSnippet
  api=5 type=1 insize=9356 outsize=6 kw=LIGHTMAP_ON DIRLIGHTMAP_OFF HDR_LIGHT_PREPASS_ON DUMMY ok=1
Cmd: compileSnippet
  api=5 type=1 insize=9356 outsize=6 kw=LIGHTMAP_ON DIRLIGHTMAP_ON HDR_LIGHT_PREPASS_ON DUMMY ok=1
Cmd: compileSnippet
  api=9 type=1 insize=9356 outsize=7 kw=LIGHTMAP_OFF DIRLIGHTMAP_OFF PIXELSNAP_ON HDR_LIGHT_PREPASS_OFF ok=1
Cmd: compileSnippet
  api=9 type=1 insize=9356 outsize=7 kw=LIGHTMAP_ON DIRLIGHTMAP_OFF PIXELSNAP_ON HDR_LIGHT_PREPASS_OFF ok=1
Cmd: compileSnippet
  api=9 type=1 insize=9356 outsize=7 kw=LIGHTMAP_ON DIRLIGHTMAP_ON PIXELSNAP_ON HDR_LIGHT_PREPASS_OFF ok=1
Cmd: compileSnippet
  api=9 type=1 insize=9356 outsize=7 kw=LIGHTMAP_OFF DIRLIGHTMAP_OFF HDR_LIGHT_PREPASS_ON PIXELSNAP_ON ok=1
Cmd: compileSnippet
  api=9 type=1 insize=9356 outsize=7 kw=LIGHTMAP_ON DIRLIGHTMAP_OFF HDR_LIGHT_PREPASS_ON PIXELSNAP_ON ok=1
Cmd: compileSnippet
  api=9 type=1 insize=9356 outsize=7 kw=LIGHTMAP_ON DIRLIGHTMAP_ON HDR_LIGHT_PREPASS_ON PIXELSNAP_ON ok=1
End of pipe

Quitting shader compiler process
